<?xml version="1.0" encoding="UTF-8"?>
<!-- Generated by org.testng.reporters.JUnitReportReporter -->
<testsuite skipped="0" hostname="LAPTOP-P8PITMUG" name="testCases.T01_logInValidationExcel" tests="1" failures="0" timestamp="18 Mar 2020 01:27:00 GMT" time="24.427" errors="0">
  <testcase name="userLogIn" time="24.427" classname="testCases.T01_logInValidationExcel"/>
</testsuite> <!-- testCases.T01_logInValidationExcel -->
