<?xml version="1.0" encoding="UTF-8"?>
<!-- Generated by org.testng.reporters.JUnitReportReporter -->
<testsuite skipped="0" hostname="LAPTOP-P8PITMUG" name="testCases.loginRunner" tests="1" failures="0" timestamp="2020-03-21T00:00:38 EDT" time="19.713" errors="0">
  <testcase name="objectRunner" time="19.713" classname="testCases.loginRunner"/>
</testsuite> <!-- testCases.loginRunner -->
